2011-12-17T13:44:31+00:00 app[web.1]:   Processing by ProblemanswersController#show as HTML
2011-12-17T13:44:31+00:00 app[web.1]:   Parameters: {"id"=>"2"}
2011-12-17T13:44:31+00:00 app[web.1]: ^^^^^^^^^^^^^^^^^^^^^^^^^^^^^^^^^^^^^^^^^^^^^^^^^^^^^^^^^^^^
2011-12-17T13:44:31+00:00 app[web.1]: Completed 500 Internal Server Error in 6ms
2011-12-17T13:44:31+00:00 app[web.1]: {"qbans_ans_0"=>"1", "qbans_ans_1"=>"2", "qbans_ans_2"=>"3", "qbans_ans_3"=>"4", "qbans_ans_4"=>"5", "qbans_ans_5"=>"6", "qbans_ans_6"=>"10", "qbans_ans_7"=>"12", "qbans_ans_8"=>"15", "qbans_ans_9"=>"20", "qbans_ans_10"=>"30", "qbans_ans_11"=>"60"}
2011-12-17T13:44:31+00:00 app[web.1]: ArgumentError (marshal data too short):
2011-12-17T13:44:31+00:00 app[web.1]:   app/models/problemanswer.rb:32:in `load'
2011-12-17T13:44:31+00:00 app[web.1]:   app/models/problemanswer.rb:32:in `response_hash'
2011-12-17T13:44:31+00:00 app[web.1]: 
2011-12-17T13:44:31+00:00 app[web.1]:   app/controllers/problemanswers_controller.rb:27:in `show'
2011-12-17T13:44:31+00:00 app[web.1]: 
2011-12-17T13:44:31+00:00 app[web.1]: 
2011-12-17T13:44:31+00:00 app[web.1]: cache: [GET /problemanswers/2] miss
2011-12-17T13:44:31+00:00 heroku[router]: GET smartergrades.heroku.com/problemanswers/2 dyno=web.1 queue=0 wait=0ms service=12ms status=500 bytes=728
2011-12-17T13:44:32+00:00 heroku[router]: GET smartergrades.heroku.com/problemanswers/2 dyno=web.1 queue=0 wait=0ms service=12ms status=500 bytes=728
2011-12-17T13:44:32+00:00 app[web.1]: 
2011-12-17T13:44:32+00:00 app[web.1]: 
2011-12-17T13:44:32+00:00 app[web.1]: Started GET "/problemanswers/2" for 122.176.207.33 at 2011-12-17 05:44:32 -0800
2011-12-17T13:44:32+00:00 app[web.1]:   Processing by ProblemanswersController#show as HTML
2011-12-17T13:44:32+00:00 app[web.1]:   Parameters: {"id"=>"2"}
2011-12-17T13:44:32+00:00 app[web.1]: ^^^^^^^^^^^^^^^^^^^^^^^^^^^^^^^^^^^^^^^^^^^^^^^^^^^^^^^^^^^^
2011-12-17T13:44:32+00:00 app[web.1]: {"qbans_ans_0"=>"1", "qbans_ans_1"=>"2", "qbans_ans_2"=>"3", "qbans_ans_3"=>"4", "qbans_ans_4"=>"5", "qbans_ans_5"=>"6", "qbans_ans_6"=>"10", "qbans_ans_7"=>"12", "qbans_ans_8"=>"15", "qbans_ans_9"=>"20", "qbans_ans_10"=>"30", "qbans_ans_11"=>"60"}
2011-12-17T13:44:32+00:00 app[web.1]: Completed 500 Internal Server Error in 6ms
2011-12-17T13:44:32+00:00 app[web.1]: 
2011-12-17T13:44:32+00:00 app[web.1]:   app/models/problemanswer.rb:32:in `response_hash'
2011-12-17T13:44:32+00:00 app[web.1]:   app/controllers/problemanswers_controller.rb:27:in `show'
2011-12-17T13:44:32+00:00 app[web.1]: ArgumentError (marshal data too short):
2011-12-17T13:44:32+00:00 app[web.1]: 
2011-12-17T13:44:32+00:00 app[web.1]:   app/models/problemanswer.rb:32:in `load'
2011-12-17T13:44:32+00:00 app[web.1]: 
2011-12-17T13:44:32+00:00 app[web.1]: cache: [GET /problemanswers/2] miss
2011-12-17T13:44:34+00:00 app[web.1]: 
2011-12-17T13:44:34+00:00 app[web.1]: 
2011-12-17T13:44:34+00:00 app[web.1]: Started GET "/problemanswers/2" for 122.176.207.33 at 2011-12-17 05:44:34 -0800
2011-12-17T13:44:34+00:00 app[web.1]:   Processing by ProblemanswersController#show as HTML
2011-12-17T13:44:34+00:00 app[web.1]:   Parameters: {"id"=>"2"}
2011-12-17T13:44:34+00:00 app[web.1]: ^^^^^^^^^^^^^^^^^^^^^^^^^^^^^^^^^^^^^^^^^^^^^^^^^^^^^^^^^^^^
2011-12-17T13:44:34+00:00 app[web.1]: {"qbans_ans_0"=>"1", "qbans_ans_1"=>"2", "qbans_ans_2"=>"3", "qbans_ans_3"=>"4", "qbans_ans_4"=>"5", "qbans_ans_5"=>"6", "qbans_ans_6"=>"10", "qbans_ans_7"=>"12", "qbans_ans_8"=>"15", "qbans_ans_9"=>"20", "qbans_ans_10"=>"30", "qbans_ans_11"=>"60"}
2011-12-17T13:44:34+00:00 app[web.1]: Completed 500 Internal Server Error in 6ms
2011-12-17T13:44:34+00:00 app[web.1]:   app/models/problemanswer.rb:32:in `response_hash'
2011-12-17T13:44:34+00:00 app[web.1]: 
2011-12-17T13:44:34+00:00 app[web.1]: cache: [GET /problemanswers/2] miss
2011-12-17T13:44:34+00:00 app[web.1]: 
2011-12-17T13:44:34+00:00 app[web.1]:   app/models/problemanswer.rb:32:in `load'
2011-12-17T13:44:34+00:00 app[web.1]: ArgumentError (marshal data too short):
2011-12-17T13:44:34+00:00 app[web.1]: 
2011-12-17T13:44:34+00:00 app[web.1]:   app/controllers/problemanswers_controller.rb:27:in `show'
2011-12-17T13:44:34+00:00 heroku[router]: GET smartergrades.heroku.com/problemanswers/2 dyno=web.1 queue=0 wait=0ms service=37ms status=500 bytes=728
2011-12-17T13:44:35+00:00 app[web.1]: 
2011-12-17T13:44:35+00:00 app[web.1]: 
2011-12-17T13:44:35+00:00 app[web.1]: Started GET "/problemanswers/2" for 122.176.207.33 at 2011-12-17 05:44:35 -0800
2011-12-17T13:44:35+00:00 app[web.1]:   Processing by ProblemanswersController#show as HTML
2011-12-17T13:44:35+00:00 app[web.1]:   Parameters: {"id"=>"2"}
2011-12-17T13:44:35+00:00 app[web.1]: ^^^^^^^^^^^^^^^^^^^^^^^^^^^^^^^^^^^^^^^^^^^^^^^^^^^^^^^^^^^^
2011-12-17T13:44:35+00:00 app[web.1]: {"qbans_ans_0"=>"1", "qbans_ans_1"=>"2", "qbans_ans_2"=>"3", "qbans_ans_3"=>"4", "qbans_ans_4"=>"5", "qbans_ans_5"=>"6", "qbans_ans_6"=>"10", "qbans_ans_7"=>"12", "qbans_ans_8"=>"15", "qbans_ans_9"=>"20", "qbans_ans_10"=>"30", "qbans_ans_11"=>"60"}
2011-12-17T13:44:35+00:00 app[web.1]: Completed 500 Internal Server Error in 6ms
2011-12-17T13:44:35+00:00 heroku[router]: GET smartergrades.heroku.com/problemanswers/2 dyno=web.1 queue=0 wait=0ms service=11ms status=500 bytes=728
2011-12-17T13:44:35+00:00 app[web.1]: ArgumentError (marshal data too short):
2011-12-17T13:44:35+00:00 app[web.1]:   app/models/problemanswer.rb:32:in `load'
2011-12-17T13:44:35+00:00 app[web.1]: 
2011-12-17T13:44:35+00:00 app[web.1]:   app/models/problemanswer.rb:32:in `response_hash'
2011-12-17T13:44:35+00:00 app[web.1]:   app/controllers/problemanswers_controller.rb:27:in `show'
2011-12-17T13:44:35+00:00 app[web.1]: 
2011-12-17T13:44:35+00:00 app[web.1]: cache: [GET /problemanswers/2] miss
2011-12-17T13:44:35+00:00 app[web.1]: 
2011-12-17T13:44:36+00:00 app[web.1]: Started GET "/problemanswers/2" for 122.176.207.33 at 2011-12-17 05:44:36 -0800
2011-12-17T13:44:36+00:00 app[web.1]: 
2011-12-17T13:44:36+00:00 app[web.1]: 
2011-12-17T13:44:36+00:00 app[web.1]:   Processing by ProblemanswersController#show as HTML
2011-12-17T13:44:36+00:00 app[web.1]:   Parameters: {"id"=>"2"}
2011-12-17T13:44:36+00:00 app[web.1]: ^^^^^^^^^^^^^^^^^^^^^^^^^^^^^^^^^^^^^^^^^^^^^^^^^^^^^^^^^^^^
2011-12-17T13:44:36+00:00 app[web.1]: {"qbans_ans_0"=>"1", "qbans_ans_1"=>"2", "qbans_ans_2"=>"3", "qbans_ans_3"=>"4", "qbans_ans_4"=>"5", "qbans_ans_5"=>"6", "qbans_ans_6"=>"10", "qbans_ans_7"=>"12", "qbans_ans_8"=>"15", "qbans_ans_9"=>"20", "qbans_ans_10"=>"30", "qbans_ans_11"=>"60"}
2011-12-17T13:44:36+00:00 app[web.1]: Completed 500 Internal Server Error in 6ms
2011-12-17T13:44:36+00:00 heroku[router]: GET smartergrades.heroku.com/problemanswers/2 dyno=web.1 queue=0 wait=0ms service=19ms status=500 bytes=728
2011-12-17T13:44:36+00:00 app[web.1]: 
2011-12-17T13:44:36+00:00 app[web.1]: ArgumentError (marshal data too short):
2011-12-17T13:44:36+00:00 app[web.1]:   app/models/problemanswer.rb:32:in `response_hash'
2011-12-17T13:44:36+00:00 app[web.1]:   app/controllers/problemanswers_controller.rb:27:in `show'
2011-12-17T13:44:36+00:00 app[web.1]: 
2011-12-17T13:44:36+00:00 app[web.1]: 
2011-12-17T13:44:36+00:00 app[web.1]:   app/models/problemanswer.rb:32:in `load'
2011-12-17T13:44:36+00:00 app[web.1]: cache: [GET /problemanswers/2] miss
2011-12-17T13:44:37+00:00 app[web.1]: 
2011-12-17T13:44:37+00:00 app[web.1]: 
2011-12-17T13:44:37+00:00 app[web.1]:   Processing by ProblemanswersController#show as HTML
2011-12-17T13:44:37+00:00 app[web.1]: Started GET "/problemanswers/2" for 122.176.207.33 at 2011-12-17 05:44:37 -0800
2011-12-17T13:44:37+00:00 app[web.1]:   Parameters: {"id"=>"2"}
2011-12-17T13:44:37+00:00 heroku[router]: GET smartergrades.heroku.com/problemanswers/2 dyno=web.1 queue=0 wait=0ms service=22ms status=500 bytes=728
2011-12-17T13:44:37+00:00 heroku[nginx]: 122.176.207.33 - - [17/Dec/2011:05:44:37 -0800] "GET /problemanswers/2 HTTP/1.1" 500 728 "-" "Mozilla/5.0 (X11; Linux x86_64) AppleWebKit/535.7 (KHTML, like Gecko) Chrome/16.0.912.63 Safari/535.7" smartergrades.heroku.com
2011-12-17T13:44:37+00:00 app[web.1]: ^^^^^^^^^^^^^^^^^^^^^^^^^^^^^^^^^^^^^^^^^^^^^^^^^^^^^^^^^^^^
2011-12-17T13:44:37+00:00 app[web.1]: {"qbans_ans_0"=>"1", "qbans_ans_1"=>"2", "qbans_ans_2"=>"3", "qbans_ans_3"=>"4", "qbans_ans_4"=>"5", "qbans_ans_5"=>"6", "qbans_ans_6"=>"10", "qbans_ans_7"=>"12", "qbans_ans_8"=>"15", "qbans_ans_9"=>"20", "qbans_ans_10"=>"30", "qbans_ans_11"=>"60"}
2011-12-17T13:44:37+00:00 app[web.1]: Completed 500 Internal Server Error in 18ms
2011-12-17T13:44:37+00:00 app[web.1]: ArgumentError (marshal data too short):
2011-12-17T13:44:37+00:00 app[web.1]:   app/models/problemanswer.rb:32:in `response_hash'
2011-12-17T13:44:37+00:00 app[web.1]: 
2011-12-17T13:44:37+00:00 app[web.1]:   app/models/problemanswer.rb:32:in `load'
2011-12-17T13:44:37+00:00 app[web.1]: 
2011-12-17T13:44:37+00:00 app[web.1]: 
2011-12-17T13:44:37+00:00 app[web.1]: cache: [GET /problemanswers/2] miss
2011-12-17T13:44:37+00:00 app[web.1]:   app/controllers/problemanswers_controller.rb:27:in `show'
